        -:    0:Source:dominion.c
        -:    0:Graph:dominion.gcno
        -:    0:Data:-
        -:    0:Runs:0
        -:    0:Programs:0
        -:    1:#include "dominion.h"
        -:    2:#include "dominion_helpers.h"
        -:    3:#include "rngs.h"
        -:    4:#include <stdio.h>
        -:    5:#include <math.h>
        -:    6:#include <stdlib.h>
        -:    7:
function compare called 0 returned 0% blocks executed 0%
        -:    8:int compare(const void *a, const void *b) {
    #####:    9:    if (*(int *) a > *(int *) b)
branch  0 never executed
branch  1 never executed
    #####:   10:        return 1;
    #####:   11:    if (*(int *) a < *(int *) b)
branch  0 never executed
branch  1 never executed
    #####:   12:        return -1;
    #####:   13:    return 0;
    #####:   14:}
        -:   15:
function newGame called 0 returned 0% blocks executed 0%
        -:   16:struct gameState *newGame() {
    #####:   17:    struct gameState *g = malloc(sizeof(struct gameState));
    #####:   18:    return g;
        -:   19:}
        -:   20:
function kingdomCards called 0 returned 0% blocks executed 0%
        -:   21:int *kingdomCards(int k1, int k2, int k3, int k4, int k5, int k6, int k7,
        -:   22:                  int k8, int k9, int k10) {
    #####:   23:    int *k = malloc(10 * sizeof(int));
    #####:   24:    k[0] = k1;
    #####:   25:    k[1] = k2;
    #####:   26:    k[2] = k3;
    #####:   27:    k[3] = k4;
    #####:   28:    k[4] = k5;
    #####:   29:    k[5] = k6;
    #####:   30:    k[6] = k7;
    #####:   31:    k[7] = k8;
    #####:   32:    k[8] = k9;
    #####:   33:    k[9] = k10;
    #####:   34:    return k;
        -:   35:}
        -:   36:
function initializeGame called 0 returned 0% blocks executed 0%
        -:   37:int initializeGame(int numPlayers, int kingdomCards[10], int randomSeed,
        -:   38:                   struct gameState *state) {
        -:   39:
        -:   40:    int i;
        -:   41:    int j;
        -:   42:    int it;
        -:   43:    //set up random number generator
    #####:   44:    SelectStream(1);
    #####:   45:    PutSeed((long) randomSeed);
        -:   46:
        -:   47:    //check number of players
    #####:   48:    if (numPlayers > MAX_PLAYERS || numPlayers < 2) {
branch  0 never executed
branch  1 never executed
branch  2 never executed
branch  3 never executed
    #####:   49:        return -1;
        -:   50:    }
        -:   51:
        -:   52:    //set number of players
    #####:   53:    state->numPlayers = numPlayers;
        -:   54:
        -:   55:    //check selected kingdom cards are different
    #####:   56:    for (i = 0; i < 10; i++) {
branch  0 never executed
branch  1 never executed
    #####:   57:        for (j = 0; j < 10; j++) {
branch  0 never executed
branch  1 never executed
    #####:   58:            if (j != i && kingdomCards[j] == kingdomCards[i]) {
branch  0 never executed
branch  1 never executed
branch  2 never executed
branch  3 never executed
    #####:   59:                return -1;
        -:   60:            }
    #####:   61:        }
    #####:   62:    }
        -:   63:
        -:   64:
        -:   65:    //initialize supply
        -:   66:    ///////////////////////////////
        -:   67:
        -:   68:    //set number of Curse cards
    #####:   69:    if (numPlayers == 2) {
branch  0 never executed
branch  1 never executed
    #####:   70:        state->supplyCount[curse] = 10;
    #####:   71:    } else if (numPlayers == 3) {
branch  0 never executed
branch  1 never executed
    #####:   72:        state->supplyCount[curse] = 20;
    #####:   73:    } else {
    #####:   74:        state->supplyCount[curse] = 30;
        -:   75:    }
        -:   76:
        -:   77:    //set number of Victory cards
    #####:   78:    if (numPlayers == 2) {
branch  0 never executed
branch  1 never executed
    #####:   79:        state->supplyCount[estate] = 8;
    #####:   80:        state->supplyCount[duchy] = 8;
    #####:   81:        state->supplyCount[province] = 8;
    #####:   82:    } else {
    #####:   83:        state->supplyCount[estate] = 12;
    #####:   84:        state->supplyCount[duchy] = 12;
    #####:   85:        state->supplyCount[province] = 12;
        -:   86:    }
        -:   87:
        -:   88:    //set number of Treasure cards
    #####:   89:    state->supplyCount[copper] = 60 - (7 * numPlayers);
    #####:   90:    state->supplyCount[silver] = 40;
    #####:   91:    state->supplyCount[gold] = 30;
        -:   92:
        -:   93:    //set number of Kingdom cards
    #####:   94:    for (i = adventurer; i <= treasure_map; i++)        //loop all cards
branch  0 never executed
branch  1 never executed
        -:   95:    {
    #####:   96:        for (j = 0; j < 10; j++)                //loop chosen cards
branch  0 never executed
branch  1 never executed
        -:   97:        {
    #####:   98:            if (kingdomCards[j] == i) {
branch  0 never executed
branch  1 never executed
        -:   99:                //check if card is a 'Victory' Kingdom card
    #####:  100:                if (kingdomCards[j] == great_hall || kingdomCards[j] == gardens) {
branch  0 never executed
branch  1 never executed
branch  2 never executed
branch  3 never executed
    #####:  101:                    if (numPlayers == 2) {
branch  0 never executed
branch  1 never executed
    #####:  102:                        state->supplyCount[i] = 8;
    #####:  103:                    } else { state->supplyCount[i] = 12; }
    #####:  104:                } else {
    #####:  105:                    state->supplyCount[i] = 10;
        -:  106:                }
    #####:  107:                break;
        -:  108:            } else    //card is not in the set choosen for the game
        -:  109:            {
    #####:  110:                state->supplyCount[i] = -1;
        -:  111:            }
    #####:  112:        }
        -:  113:
    #####:  114:    }
        -:  115:
        -:  116:    ////////////////////////
        -:  117:    //supply intilization complete
        -:  118:
        -:  119:    //set player decks
    #####:  120:    for (i = 0; i < numPlayers; i++) {
branch  0 never executed
branch  1 never executed
    #####:  121:        state->deckCount[i] = 0;
    #####:  122:        for (j = 0; j < 3; j++) {
branch  0 never executed
branch  1 never executed
    #####:  123:            state->deck[i][j] = estate;
    #####:  124:            state->deckCount[i]++;
    #####:  125:        }
    #####:  126:        for (j = 3; j < 10; j++) {
branch  0 never executed
branch  1 never executed
    #####:  127:            state->deck[i][j] = copper;
    #####:  128:            state->deckCount[i]++;
    #####:  129:        }
    #####:  130:    }
        -:  131:
        -:  132:    //shuffle player decks
    #####:  133:    for (i = 0; i < numPlayers; i++) {
branch  0 never executed
branch  1 never executed
    #####:  134:        if (shuffle(i, state) < 0) {
branch  0 never executed
branch  1 never executed
    #####:  135:            return -1;
        -:  136:        }
    #####:  137:    }
        -:  138:
        -:  139:    //draw player hands
    #####:  140:    for (i = 0; i < numPlayers; i++) {
branch  0 never executed
branch  1 never executed
        -:  141:        //initialize hand size to zero
    #####:  142:        state->handCount[i] = 0;
    #####:  143:        state->discardCount[i] = 0;
        -:  144:        //draw 5 cards
        -:  145:        // for (j = 0; j < 5; j++)
        -:  146:        //	{
        -:  147:        //	  drawCard(i, state);
        -:  148:        //	}
    #####:  149:    }
        -:  150:
        -:  151:    //set embargo tokens to 0 for all supply piles
    #####:  152:    for (i = 0; i <= treasure_map; i++) {
branch  0 never executed
branch  1 never executed
    #####:  153:        state->embargoTokens[i] = 0;
    #####:  154:    }
        -:  155:
        -:  156:    //initialize first player's turn
    #####:  157:    state->outpostPlayed = 0;
    #####:  158:    state->phase = 0;
    #####:  159:    state->numActions = 1;
    #####:  160:    state->numBuys = 1;
    #####:  161:    state->playedCardCount = 0;
    #####:  162:    state->whoseTurn = 0;
    #####:  163:    state->handCount[state->whoseTurn] = 0;
        -:  164:    //int it; move to top
        -:  165:
        -:  166:    //Moved draw cards to here, only drawing at the start of a turn
    #####:  167:    for (it = 0; it < 5; it++) {
branch  0 never executed
branch  1 never executed
    #####:  168:        drawCard(state->whoseTurn, state);
    #####:  169:    }
        -:  170:
    #####:  171:    updateCoins(state->whoseTurn, state, 0);
        -:  172:
    #####:  173:    return 0;
    #####:  174:}
        -:  175:
function shuffle called 0 returned 0% blocks executed 0%
        -:  176:int shuffle(int player, struct gameState *state) {
        -:  177:
        -:  178:
        -:  179:    int newDeck[MAX_DECK];
    #####:  180:    int newDeckPos = 0;
        -:  181:    int card;
        -:  182:    int i;
        -:  183:
    #####:  184:    if (state->deckCount[player] < 1)
branch  0 never executed
branch  1 never executed
    #####:  185:        return -1;
    #####:  186:    qsort((void *) (state->deck[player]), state->deckCount[player], sizeof(int), compare);
        -:  187:    /* SORT CARDS IN DECK TO ENSURE DETERMINISM! */
        -:  188:
    #####:  189:    while (state->deckCount[player] > 0) {
branch  0 never executed
branch  1 never executed
    #####:  190:        card = floor(Random() * state->deckCount[player]);
    #####:  191:        newDeck[newDeckPos] = state->deck[player][card];
    #####:  192:        newDeckPos++;
    #####:  193:        for (i = card; i < state->deckCount[player] - 1; i++) {
branch  0 never executed
branch  1 never executed
    #####:  194:            state->deck[player][i] = state->deck[player][i + 1];
    #####:  195:        }
    #####:  196:        state->deckCount[player]--;
        -:  197:    }
    #####:  198:    for (i = 0; i < newDeckPos; i++) {
branch  0 never executed
branch  1 never executed
    #####:  199:        state->deck[player][i] = newDeck[i];
    #####:  200:        state->deckCount[player]++;
    #####:  201:    }
        -:  202:
    #####:  203:    return 0;
    #####:  204:}
        -:  205:
function playCard called 0 returned 0% blocks executed 0%
        -:  206:int playCard(int handPos, int choice1, int choice2, int choice3, struct gameState *state) {
        -:  207:    int card;
    #####:  208:    int coin_bonus = 0;        //tracks coins gain from actions
        -:  209:
        -:  210:    //check if it is the right phase
    #####:  211:    if (state->phase != 0) {
branch  0 never executed
branch  1 never executed
    #####:  212:        return -1;
        -:  213:    }
        -:  214:
        -:  215:    //check if player has enough actions
    #####:  216:    if (state->numActions < 1) {
branch  0 never executed
branch  1 never executed
    #####:  217:        return -1;
        -:  218:    }
        -:  219:
        -:  220:    //get card played
    #####:  221:    card = handCard(handPos, state);
        -:  222:
        -:  223:    //check if selected card is an action
    #####:  224:    if (card < adventurer || card > treasure_map) {
branch  0 never executed
branch  1 never executed
branch  2 never executed
branch  3 never executed
    #####:  225:        return -1;
        -:  226:    }
        -:  227:
        -:  228:    //play card
    #####:  229:    if (cardEffect(card, choice1, choice2, choice3, state, handPos, &coin_bonus) < 0) {
branch  0 never executed
branch  1 never executed
    #####:  230:        return -1;
        -:  231:    }
        -:  232:
        -:  233:    //reduce number of actions
    #####:  234:    state->numActions--;
        -:  235:
        -:  236:    //update coins (Treasure cards may be added with card draws)
    #####:  237:    updateCoins(state->whoseTurn, state, coin_bonus);
        -:  238:
    #####:  239:    return 0;
    #####:  240:}
        -:  241:
function buyCard called 0 returned 0% blocks executed 0%
        -:  242:int buyCard(int supplyPos, struct gameState *state) {
        -:  243:    int who;
        -:  244:    if (DEBUG) {
        -:  245:        printf("Entering buyCard...\n");
        -:  246:    }
        -:  247:
        -:  248:    // I don't know what to do about the phase thing.
        -:  249:
    #####:  250:    who = state->whoseTurn;
        -:  251:
    #####:  252:    if (state->numBuys < 1) {
branch  0 never executed
branch  1 never executed
        -:  253:        if (DEBUG)
        -:  254:            printf("You do not have any buys left\n");
    #####:  255:        return -1;
    #####:  256:    } else if (supplyCount(supplyPos, state) < 1) {
branch  0 never executed
branch  1 never executed
        -:  257:        if (DEBUG)
        -:  258:            printf("There are not any of that type of card left\n");
    #####:  259:        return -1;
    #####:  260:    } else if (state->coins < getCost(supplyPos)) {
branch  0 never executed
branch  1 never executed
        -:  261:        if (DEBUG)
        -:  262:            printf("You do not have enough money to buy that. You have %d coins.\n", state->coins);
    #####:  263:        return -1;
        -:  264:    } else {
    #####:  265:        state->phase = 1;
        -:  266:        //state->supplyCount[supplyPos]--;
    #####:  267:        gainCard(supplyPos, state, 0,
    #####:  268:                 who); //card goes in discard, this might be wrong.. (2 means goes into hand, 0 goes into discard)
        -:  269:
    #####:  270:        state->coins = (state->coins) - (getCost(supplyPos));
    #####:  271:        state->numBuys--;
        -:  272:        if (DEBUG)
        -:  273:            printf("You bought card number %d for %d coins. You now have %d buys and %d coins.\n", supplyPos,
        -:  274:                   getCost(supplyPos), state->numBuys, state->coins);
        -:  275:    }
        -:  276:
        -:  277:    //state->discard[who][state->discardCount[who]] = supplyPos;
        -:  278:    //state->discardCount[who]++;
        -:  279:
    #####:  280:    return 0;
    #####:  281:}
        -:  282:
function numHandCards called 0 returned 0% blocks executed 0%
        -:  283:int numHandCards(struct gameState *state) {
    #####:  284:    return state->handCount[whoseTurn(state)];
        -:  285:}
        -:  286:
function handCard called 0 returned 0% blocks executed 0%
        -:  287:int handCard(int handPos, struct gameState *state) {
    #####:  288:    int currentPlayer = whoseTurn(state);
    #####:  289:    return state->hand[currentPlayer][handPos];
        -:  290:}
        -:  291:
function supplyCount called 0 returned 0% blocks executed 0%
        -:  292:int supplyCount(int card, struct gameState *state) {
    #####:  293:    return state->supplyCount[card];
        -:  294:}
        -:  295:
function fullDeckCount called 0 returned 0% blocks executed 0%
        -:  296:int fullDeckCount(int player, int card, struct gameState *state) {
        -:  297:    int i;
    #####:  298:    int count = 0;
        -:  299:
    #####:  300:    for (i = 0; i < state->deckCount[player]; i++) {
branch  0 never executed
branch  1 never executed
    #####:  301:        if (state->deck[player][i] == card) count++;
branch  0 never executed
branch  1 never executed
    #####:  302:    }
        -:  303:
    #####:  304:    for (i = 0; i < state->handCount[player]; i++) {
branch  0 never executed
branch  1 never executed
    #####:  305:        if (state->hand[player][i] == card) count++;
branch  0 never executed
branch  1 never executed
    #####:  306:    }
        -:  307:
    #####:  308:    for (i = 0; i < state->discardCount[player]; i++) {
branch  0 never executed
branch  1 never executed
    #####:  309:        if (state->discard[player][i] == card) count++;
branch  0 never executed
branch  1 never executed
    #####:  310:    }
        -:  311:
    #####:  312:    return count;
        -:  313:}
        -:  314:
function whoseTurn called 0 returned 0% blocks executed 0%
        -:  315:int whoseTurn(struct gameState *state) {
    #####:  316:    return state->whoseTurn;
        -:  317:}
        -:  318:
function endTurn called 0 returned 0% blocks executed 0%
        -:  319:int endTurn(struct gameState *state) {
        -:  320:    int k;
        -:  321:    int i;
    #####:  322:    int currentPlayer = whoseTurn(state);
        -:  323:
        -:  324:    //Discard hand
    #####:  325:    for (i = 0; i < state->handCount[currentPlayer]; i++) {
branch  0 never executed
branch  1 never executed
    #####:  326:        state->discard[currentPlayer][state->discardCount[currentPlayer]++] = state->hand[currentPlayer][i];//Discard
    #####:  327:        state->hand[currentPlayer][i] = -1;//Set card to -1
    #####:  328:    }
    #####:  329:    state->handCount[currentPlayer] = 0;//Reset hand count
        -:  330:
        -:  331:    //Code for determining the player
    #####:  332:    if (currentPlayer < (state->numPlayers - 1)) {
branch  0 never executed
branch  1 never executed
    #####:  333:        state->whoseTurn = currentPlayer + 1;//Still safe to increment
    #####:  334:    } else {
    #####:  335:        state->whoseTurn = 0;//Max player has been reached, loop back around to player 1
        -:  336:    }
        -:  337:
    #####:  338:    state->outpostPlayed = 0;
    #####:  339:    state->phase = 0;
    #####:  340:    state->numActions = 1;
    #####:  341:    state->coins = 0;
    #####:  342:    state->numBuys = 1;
    #####:  343:    state->playedCardCount = 0;
    #####:  344:    state->handCount[state->whoseTurn] = 0;
        -:  345:
        -:  346:    //int k; move to top
        -:  347:    //Next player draws hand
    #####:  348:    for (k = 0; k < 5; k++) {
branch  0 never executed
branch  1 never executed
    #####:  349:        drawCard(state->whoseTurn, state);//Draw a card
    #####:  350:    }
        -:  351:
        -:  352:    //Update money
    #####:  353:    updateCoins(state->whoseTurn, state, 0);
        -:  354:
    #####:  355:    return 0;
        -:  356:}
        -:  357:
function isGameOver called 0 returned 0% blocks executed 0%
        -:  358:int isGameOver(struct gameState *state) {
        -:  359:    int i;
        -:  360:    int j;
        -:  361:
        -:  362:    //if stack of Province cards is empty, the game ends
    #####:  363:    if (state->supplyCount[province] == 0) {
branch  0 never executed
branch  1 never executed
    #####:  364:        return 1;
        -:  365:    }
        -:  366:
        -:  367:    //if three supply pile are at 0, the game ends
    #####:  368:    j = 0;
    #####:  369:    for (i = 0; i < 25; i++) {
branch  0 never executed
branch  1 never executed
    #####:  370:        if (state->supplyCount[i] == 0) {
branch  0 never executed
branch  1 never executed
    #####:  371:            j++;
    #####:  372:        }
    #####:  373:    }
    #####:  374:    if (j >= 3) {
branch  0 never executed
branch  1 never executed
    #####:  375:        return 1;
        -:  376:    }
        -:  377:
    #####:  378:    return 0;
    #####:  379:}
        -:  380:
function scoreFor called 0 returned 0% blocks executed 0%
        -:  381:int scoreFor(int player, struct gameState *state) {
        -:  382:
        -:  383:    int i;
    #####:  384:    int score = 0;
        -:  385:    //score from hand
    #####:  386:    for (i = 0; i < state->handCount[player]; i++) {
branch  0 never executed
branch  1 never executed
    #####:  387:        if (state->hand[player][i] == curse) { score = score - 1; };
branch  0 never executed
branch  1 never executed
    #####:  388:        if (state->hand[player][i] == estate) { score = score + 1; };
branch  0 never executed
branch  1 never executed
    #####:  389:        if (state->hand[player][i] == duchy) { score = score + 3; };
branch  0 never executed
branch  1 never executed
    #####:  390:        if (state->hand[player][i] == province) { score = score + 6; };
branch  0 never executed
branch  1 never executed
    #####:  391:        if (state->hand[player][i] == great_hall) { score = score + 1; };
branch  0 never executed
branch  1 never executed
    #####:  392:        if (state->hand[player][i] == gardens) { score = score + (fullDeckCount(player, 0, state) / 10); };
branch  0 never executed
branch  1 never executed
    #####:  393:    }
        -:  394:
        -:  395:    //score from discard
    #####:  396:    for (i = 0; i < state->discardCount[player]; i++) {
branch  0 never executed
branch  1 never executed
    #####:  397:        if (state->discard[player][i] == curse) { score = score - 1; };
branch  0 never executed
branch  1 never executed
    #####:  398:        if (state->discard[player][i] == estate) { score = score + 1; };
branch  0 never executed
branch  1 never executed
    #####:  399:        if (state->discard[player][i] == duchy) { score = score + 3; };
branch  0 never executed
branch  1 never executed
    #####:  400:        if (state->discard[player][i] == province) { score = score + 6; };
branch  0 never executed
branch  1 never executed
    #####:  401:        if (state->discard[player][i] == great_hall) { score = score + 1; };
branch  0 never executed
branch  1 never executed
    #####:  402:        if (state->discard[player][i] == gardens) { score = score + (fullDeckCount(player, 0, state) / 10); };
branch  0 never executed
branch  1 never executed
    #####:  403:    }
        -:  404:
        -:  405:    //score from deck
    #####:  406:    for (i = 0; i < state->discardCount[player]; i++) {
branch  0 never executed
branch  1 never executed
    #####:  407:        if (state->deck[player][i] == curse) { score = score - 1; };
branch  0 never executed
branch  1 never executed
    #####:  408:        if (state->deck[player][i] == estate) { score = score + 1; };
branch  0 never executed
branch  1 never executed
    #####:  409:        if (state->deck[player][i] == duchy) { score = score + 3; };
branch  0 never executed
branch  1 never executed
    #####:  410:        if (state->deck[player][i] == province) { score = score + 6; };
branch  0 never executed
branch  1 never executed
    #####:  411:        if (state->deck[player][i] == great_hall) { score = score + 1; };
branch  0 never executed
branch  1 never executed
    #####:  412:        if (state->deck[player][i] == gardens) { score = score + (fullDeckCount(player, 0, state) / 10); };
branch  0 never executed
branch  1 never executed
    #####:  413:    }
        -:  414:
    #####:  415:    return score;
        -:  416:}
        -:  417:
function getWinners called 0 returned 0% blocks executed 0%
        -:  418:int getWinners(int players[MAX_PLAYERS], struct gameState *state) {
        -:  419:    int i;
        -:  420:    int j;
        -:  421:    int highScore;
        -:  422:    int currentPlayer;
        -:  423:
        -:  424:    //get score for each player
    #####:  425:    for (i = 0; i < MAX_PLAYERS; i++) {
branch  0 never executed
branch  1 never executed
        -:  426:        //set unused player scores to -9999
    #####:  427:        if (i >= state->numPlayers) {
branch  0 never executed
branch  1 never executed
    #####:  428:            players[i] = -9999;
    #####:  429:        } else {
    #####:  430:            players[i] = scoreFor(i, state);
        -:  431:        }
    #####:  432:    }
        -:  433:
        -:  434:    //find highest score
    #####:  435:    j = 0;
    #####:  436:    for (i = 0; i < MAX_PLAYERS; i++) {
branch  0 never executed
branch  1 never executed
    #####:  437:        if (players[i] > players[j]) {
branch  0 never executed
branch  1 never executed
    #####:  438:            j = i;
    #####:  439:        }
    #####:  440:    }
    #####:  441:    highScore = players[j];
        -:  442:
        -:  443:    //add 1 to players who had less turns
    #####:  444:    currentPlayer = whoseTurn(state);
    #####:  445:    for (i = 0; i < MAX_PLAYERS; i++) {
branch  0 never executed
branch  1 never executed
    #####:  446:        if (players[i] == highScore && i > currentPlayer) {
branch  0 never executed
branch  1 never executed
branch  2 never executed
branch  3 never executed
    #####:  447:            players[i]++;
    #####:  448:        }
    #####:  449:    }
        -:  450:
        -:  451:    //find new highest score
    #####:  452:    j = 0;
    #####:  453:    for (i = 0; i < MAX_PLAYERS; i++) {
branch  0 never executed
branch  1 never executed
    #####:  454:        if (players[i] > players[j]) {
branch  0 never executed
branch  1 never executed
    #####:  455:            j = i;
    #####:  456:        }
    #####:  457:    }
    #####:  458:    highScore = players[j];
        -:  459:
        -:  460:    //set winners in array to 1 and rest to 0
    #####:  461:    for (i = 0; i < MAX_PLAYERS; i++) {
branch  0 never executed
branch  1 never executed
    #####:  462:        if (players[i] == highScore) {
branch  0 never executed
branch  1 never executed
    #####:  463:            players[i] = 1;
    #####:  464:        } else {
    #####:  465:            players[i] = 0;
        -:  466:        }
    #####:  467:    }
        -:  468:
    #####:  469:    return 0;
        -:  470:}
        -:  471:
function drawCard called 0 returned 0% blocks executed 0%
        -:  472:int drawCard(int player, struct gameState *state) {
        -:  473:    int count;
        -:  474:    int deckCounter;
    #####:  475:    if (state->deckCount[player] <= 0) {//Deck is empty
branch  0 never executed
branch  1 never executed
        -:  476:
        -:  477:        //Step 1 Shuffle the discard pile back into a deck
        -:  478:        int i;
        -:  479:        //Move discard to deck
    #####:  480:        for (i = 0; i < state->discardCount[player]; i++) {
branch  0 never executed
branch  1 never executed
    #####:  481:            state->deck[player][i] = state->discard[player][i];
    #####:  482:            state->discard[player][i] = -1;
    #####:  483:        }
        -:  484:
    #####:  485:        state->deckCount[player] = state->discardCount[player];
    #####:  486:        state->discardCount[player] = 0;//Reset discard
        -:  487:
        -:  488:        //Shufffle the deck
    #####:  489:        shuffle(player, state);//Shuffle the deck up and make it so that we can draw
        -:  490:
        -:  491:        if (DEBUG) {//Debug statements
        -:  492:            printf("Deck count now: %d\n", state->deckCount[player]);
        -:  493:        }
        -:  494:
    #####:  495:        state->discardCount[player] = 0;
        -:  496:
        -:  497:        //Step 2 Draw Card
    #####:  498:        count = state->handCount[player];//Get current player's hand count
        -:  499:
        -:  500:        if (DEBUG) {//Debug statements
        -:  501:            printf("Current hand count: %d\n", count);
        -:  502:        }
        -:  503:
    #####:  504:        deckCounter = state->deckCount[player];//Create a holder for the deck count
        -:  505:
    #####:  506:        if (deckCounter == 0)
branch  0 never executed
branch  1 never executed
    #####:  507:            return -1;
        -:  508:
    #####:  509:        state->hand[player][count] = state->deck[player][deckCounter - 1];//Add card to hand
    #####:  510:        state->deckCount[player]--;
    #####:  511:        state->handCount[player]++;//Increment hand count
    #####:  512:    } else {
    #####:  513:        int count = state->handCount[player];//Get current hand count for player
        -:  514:        int deckCounter;
        -:  515:        if (DEBUG) {//Debug statements
        -:  516:            printf("Current hand count: %d\n", count);
        -:  517:        }
        -:  518:
    #####:  519:        deckCounter = state->deckCount[player];//Create holder for the deck count
    #####:  520:        state->hand[player][count] = state->deck[player][deckCounter - 1];//Add card to the hand
    #####:  521:        state->deckCount[player]--;
    #####:  522:        state->handCount[player]++;//Increment hand count
        -:  523:    }
        -:  524:
    #####:  525:    return 0;
    #####:  526:}
        -:  527:
function getCost called 0 returned 0% blocks executed 0%
        -:  528:int getCost(int cardNumber) {
    #####:  529:    switch (cardNumber) {
branch  0 never executed
branch  1 never executed
branch  2 never executed
branch  3 never executed
branch  4 never executed
branch  5 never executed
branch  6 never executed
branch  7 never executed
branch  8 never executed
branch  9 never executed
branch 10 never executed
branch 11 never executed
branch 12 never executed
branch 13 never executed
branch 14 never executed
branch 15 never executed
branch 16 never executed
branch 17 never executed
branch 18 never executed
branch 19 never executed
branch 20 never executed
branch 21 never executed
branch 22 never executed
branch 23 never executed
branch 24 never executed
branch 25 never executed
branch 26 never executed
branch 27 never executed
        -:  530:        case curse:
    #####:  531:            return 0;
        -:  532:        case estate:
    #####:  533:            return 2;
        -:  534:        case duchy:
    #####:  535:            return 5;
        -:  536:        case province:
    #####:  537:            return 8;
        -:  538:        case copper:
    #####:  539:            return 0;
        -:  540:        case silver:
    #####:  541:            return 3;
        -:  542:        case gold:
    #####:  543:            return 6;
        -:  544:        case adventurer:
    #####:  545:            return 6;
        -:  546:        case council_room:
    #####:  547:            return 5;
        -:  548:        case feast:
    #####:  549:            return 4;
        -:  550:        case gardens:
    #####:  551:            return 4;
        -:  552:        case mine:
    #####:  553:            return 5;
        -:  554:        case remodel:
    #####:  555:            return 4;
        -:  556:        case smithy:
    #####:  557:            return 4;
        -:  558:        case village:
    #####:  559:            return 3;
        -:  560:        case baron:
    #####:  561:            return 4;
        -:  562:        case great_hall:
    #####:  563:            return 3;
        -:  564:        case minion:
    #####:  565:            return 5;
        -:  566:        case steward:
    #####:  567:            return 3;
        -:  568:        case tribute:
    #####:  569:            return 5;
        -:  570:        case ambassador:
    #####:  571:            return 3;
        -:  572:        case cutpurse:
    #####:  573:            return 4;
        -:  574:        case embargo:
    #####:  575:            return 2;
        -:  576:        case outpost:
    #####:  577:            return 5;
        -:  578:        case salvager:
    #####:  579:            return 4;
        -:  580:        case sea_hag:
    #####:  581:            return 4;
        -:  582:        case treasure_map:
    #####:  583:            return 4;
        -:  584:    }
        -:  585:
    #####:  586:    return -1;
    #####:  587:}
        -:  588:
function playSmithy called 0 returned 0% blocks executed 0%
        -:  589:int playSmithy(struct gameState *state, int handPos, int currentPlayer) {
        -:  590:    int i;
    #####:  591:    for (i = 0; i <= 3; i++)//bug 3
branch  0 never executed
branch  1 never executed
        -:  592:    {
    #####:  593:        drawCard(currentPlayer, state);
    #####:  594:    }
    #####:  595:    discardCard(handPos, currentPlayer, state, 0);
    #####:  596:    return 0;
        -:  597:}
        -:  598:
function playVillage called 0 returned 0% blocks executed 0%
        -:  599:int playVillage(struct gameState *state, int handPos, int currentPlayer) {
    #####:  600:    drawCard(currentPlayer, state);
    #####:  601:    state->numActions = state->numActions + 1;//bug 1
    #####:  602:    discardCard(handPos, currentPlayer, state, 0);
    #####:  603:    return 0;
        -:  604:}
        -:  605:
function playCouncil_room called 0 returned 0% blocks executed 0%
        -:  606:int playCouncil_room(struct gameState *state, int handPos, int currentPlayer) {
        -:  607:    int i;
    #####:  608:    for (i = 0; i <= 4; i++) //bug 4
branch  0 never executed
branch  1 never executed
        -:  609:    {
    #####:  610:        drawCard(currentPlayer, state);
    #####:  611:    }
        -:  612:
        -:  613:    //+1 Buy
    #####:  614:    state->numBuys++;
        -:  615:
        -:  616:    //Each other player draws a card
    #####:  617:    for (i = 0; i < state->numPlayers; i++) {
branch  0 never executed
branch  1 never executed
    #####:  618:        if (i != currentPlayer) {
branch  0 never executed
branch  1 never executed
    #####:  619:            drawCard(i, state);
    #####:  620:        }
    #####:  621:    }
    #####:  622:    discardCard(handPos, currentPlayer, state, 0);
        -:  623:
    #####:  624:    return 0;
        -:  625:}
        -:  626:
function playAdventurer called 0 returned 0% blocks executed 0%
        -:  627:int playAdventurer(struct gameState *state, int currentPlayer, int *temphand, int drawntreasure, int cardDrawn, int z) {
    #####:  628:    while (drawntreasure < 2) {
branch  0 never executed
branch  1 never executed
    #####:  629:        if (state->deckCount[currentPlayer] <
branch  0 never executed
branch  1 never executed
        -:  630:            1) {//if the deck is empty we need to shuffle discard and add to deck
    #####:  631:            shuffle(currentPlayer, state);
    #####:  632:        }
    #####:  633:        drawCard(currentPlayer, state);
    #####:  634:        cardDrawn = state->hand[currentPlayer][state->handCount[currentPlayer] - 0];//bug 2 //top card of hand is most recently drawn card.
    #####:  635:        if (cardDrawn == copper || cardDrawn == silver || cardDrawn == gold)
branch  0 never executed
branch  1 never executed
branch  2 never executed
branch  3 never executed
branch  4 never executed
branch  5 never executed
    #####:  636:            drawntreasure++;
        -:  637:        else {
    #####:  638:            temphand[z] = cardDrawn;
    #####:  639:            state->handCount[currentPlayer]--; //this should just remove the top card (the most recently drawn one).
    #####:  640:            z++;
        -:  641:        }
        -:  642:    }
    #####:  643:    while (z - 1 >= 0) {
branch  0 never executed
branch  1 never executed
    #####:  644:        state->discard[currentPlayer][state->discardCount[currentPlayer]++] = temphand[z - 1]; // discard all cards in play that have been drawn
    #####:  645:        z = z - 1;
        -:  646:    }
    #####:  647:    return 0;
        -:  648:}
        -:  649:
function playSteward called 0 returned 0% blocks executed 0%
        -:  650:int playSteward(int choice1, int choice2, int choice3, struct gameState *state, int currentPlayer, int handPos) {
    #####:  651:    if (choice1 == 1) {
branch  0 never executed
branch  1 never executed
        -:  652:        //+2 cards
    #####:  653:        drawCard(currentPlayer, state);
    #####:  654:        drawCard(currentPlayer, state);
    #####:  655:    } else if (choice1 == 2) {
branch  0 never executed
branch  1 never executed
        -:  656:        //+2 coins
    #####:  657:        state->coins = state->coins + 2;
    #####:  658:    } else {
        -:  659:        //trash 2 cards in hand
    #####:  660:        discardCard(choice2, currentPlayer, state, 1);
    #####:  661:        discardCard(choice3, currentPlayer, state, 1);
        -:  662:    }
    #####:  663:    discardCard(handPos, currentPlayer, state, 0);
    #####:  664:    return 0;
        -:  665:}
        -:  666:
function cardEffect called 0 returned 0% blocks executed 0%
        -:  667:int cardEffect(int card, int choice1, int choice2, int choice3, struct gameState *state, int handPos, int *bonus) {
        -:  668:    int i;
        -:  669:    int j;
        -:  670:    int k;
        -:  671:    int x;
        -:  672:    int index;
    #####:  673:    int currentPlayer = whoseTurn(state);
    #####:  674:    int nextPlayer = currentPlayer + 1;
        -:  675:
    #####:  676:    int tributeRevealedCards[2] = {-1, -1};
        -:  677:    int temphand[MAX_HAND];// moved above the if statement
    #####:  678:    int drawntreasure = 0;
        -:  679:    int cardDrawn;
    #####:  680:    int z = 0;// this is the counter for the temp hand
    #####:  681:    if (nextPlayer > (state->numPlayers - 1)) {
branch  0 never executed
branch  1 never executed
    #####:  682:        nextPlayer = 0;
    #####:  683:    }
        -:  684:
        -:  685:
        -:  686:    //uses switch to select card and perform actions
    #####:  687:    switch (card) {
branch  0 never executed
branch  1 never executed
branch  2 never executed
branch  3 never executed
branch  4 never executed
branch  5 never executed
branch  6 never executed
branch  7 never executed
branch  8 never executed
branch  9 never executed
branch 10 never executed
branch 11 never executed
branch 12 never executed
branch 13 never executed
branch 14 never executed
branch 15 never executed
branch 16 never executed
branch 17 never executed
branch 18 never executed
branch 19 never executed
branch 20 never executed
        -:  688:        case adventurer:
    #####:  689:            return playAdventurer(state, currentPlayer, temphand, drawntreasure, cardDrawn, z);
        -:  690:
        -:  691:
        -:  692:        case council_room:
    #####:  693:            return playCouncil_room(state, handPos, currentPlayer);
        -:  694:
        -:  695:        case feast:
        -:  696:            //gain card with cost up to 5
        -:  697:            //Backup hand
    #####:  698:            for (i = 0; i <= state->handCount[currentPlayer]; i++) {
branch  0 never executed
branch  1 never executed
    #####:  699:                temphand[i] = state->hand[currentPlayer][i];//Backup card
    #####:  700:                state->hand[currentPlayer][i] = -1;//Set to nothing
    #####:  701:            }
        -:  702:            //Backup hand
        -:  703:
        -:  704:            //Update Coins for Buy
    #####:  705:            updateCoins(currentPlayer, state, 5);
    #####:  706:            x = 1;//Condition to loop on
    #####:  707:            while (x == 1) {//Buy one card
branch  0 never executed
branch  1 never executed
    #####:  708:                if (supplyCount(choice1, state) <= 0) {
branch  0 never executed
branch  1 never executed
        -:  709:                    if (DEBUG)
        -:  710:                        printf("None of that card left, sorry!\n");
        -:  711:
        -:  712:                    if (DEBUG) {
        -:  713:                        printf("Cards Left: %d\n", supplyCount(choice1, state));
        -:  714:                    }
    #####:  715:                } else if (state->coins < getCost(choice1)) {
branch  0 never executed
branch  1 never executed
    #####:  716:                    printf("That card is too expensive!\n");
        -:  717:
        -:  718:                    if (DEBUG) {
        -:  719:                        printf("Coins: %d < %d\n", state->coins, getCost(choice1));
        -:  720:                    }
    #####:  721:                } else {
        -:  722:
        -:  723:                    if (DEBUG) {
        -:  724:                        printf("Deck Count: %d\n", state->handCount[currentPlayer] + state->deckCount[currentPlayer] +
        -:  725:                                                   state->discardCount[currentPlayer]);
        -:  726:                    }
        -:  727:
    #####:  728:                    gainCard(choice1, state, 0, currentPlayer);//Gain the card
    #####:  729:                    x = 0;//No more buying cards
        -:  730:
        -:  731:                    if (DEBUG) {
        -:  732:                        printf("Deck Count: %d\n", state->handCount[currentPlayer] + state->deckCount[currentPlayer] +
        -:  733:                                                   state->discardCount[currentPlayer]);
        -:  734:                    }
        -:  735:
        -:  736:                }
        -:  737:            }
        -:  738:
        -:  739:            //Reset Hand
    #####:  740:            for (i = 0; i <= state->handCount[currentPlayer]; i++) {
branch  0 never executed
branch  1 never executed
    #####:  741:                state->hand[currentPlayer][i] = temphand[i];
    #####:  742:                temphand[i] = -1;
    #####:  743:            }
        -:  744:            //Reset Hand
        -:  745:
    #####:  746:            return 0;
        -:  747:
        -:  748:        case gardens:
    #####:  749:            return -1;
        -:  750:
        -:  751:        case mine:
    #####:  752:            j = state->hand[currentPlayer][choice1];  //store card we will trash
        -:  753:
    #####:  754:            if (state->hand[currentPlayer][choice1] < copper || state->hand[currentPlayer][choice1] > gold) {
branch  0 never executed
branch  1 never executed
branch  2 never executed
branch  3 never executed
    #####:  755:                return -1;
        -:  756:            }
        -:  757:
    #####:  758:            if (choice2 > treasure_map || choice2 < curse) {
branch  0 never executed
branch  1 never executed
branch  2 never executed
branch  3 never executed
    #####:  759:                return -1;
        -:  760:            }
        -:  761:
    #####:  762:            if ((getCost(state->hand[currentPlayer][choice1]) + 3) > getCost(choice2)) {
branch  0 never executed
branch  1 never executed
    #####:  763:                return -1;
        -:  764:            }
        -:  765:
    #####:  766:            gainCard(choice2, state, 2, currentPlayer);
        -:  767:
        -:  768:            //discard card from hand
    #####:  769:            discardCard(handPos, currentPlayer, state, 0);
        -:  770:
        -:  771:            //discard trashed card
    #####:  772:            for (i = 0; i < state->handCount[currentPlayer]; i++) {
branch  0 never executed
branch  1 never executed
    #####:  773:                if (state->hand[currentPlayer][i] == j) {
branch  0 never executed
branch  1 never executed
    #####:  774:                    discardCard(i, currentPlayer, state, 0);
    #####:  775:                    break;
        -:  776:                }
    #####:  777:            }
        -:  778:
    #####:  779:            return 0;
        -:  780:
        -:  781:        case remodel:
    #####:  782:            j = state->hand[currentPlayer][choice1];  //store card we will trash
        -:  783:
    #####:  784:            if ((getCost(state->hand[currentPlayer][choice1]) + 2) > getCost(choice2)) {
branch  0 never executed
branch  1 never executed
    #####:  785:                return -1;
        -:  786:            }
        -:  787:
    #####:  788:            gainCard(choice2, state, 0, currentPlayer);
        -:  789:
        -:  790:            //discard card from hand
    #####:  791:            discardCard(handPos, currentPlayer, state, 0);
        -:  792:
        -:  793:            //discard trashed card
    #####:  794:            for (i = 0; i < state->handCount[currentPlayer]; i++) {
branch  0 never executed
branch  1 never executed
    #####:  795:                if (state->hand[currentPlayer][i] == j) {
branch  0 never executed
branch  1 never executed
    #####:  796:                    discardCard(i, currentPlayer, state, 0);
    #####:  797:                    break;
        -:  798:                }
    #####:  799:            }
        -:  800:
        -:  801:
    #####:  802:            return 0;
        -:  803:
        -:  804:        case smithy:
    #####:  805:            return playSmithy(state, handPos, currentPlayer);
        -:  806:
        -:  807:
        -:  808:        case village:
    #####:  809:            return playVillage(state, handPos, currentPlayer);
        -:  810:
        -:  811:
        -:  812:        case baron:
    #####:  813:            state->numBuys++;//Increase buys by 1!
    #####:  814:            if (choice1 > 0) {//Boolean true or going to discard an estate
branch  0 never executed
branch  1 never executed
    #####:  815:                int p = 0;//Iterator for hand!
    #####:  816:                int card_not_discarded = 1;//Flag for discard set!
    #####:  817:                while (card_not_discarded) {
branch  0 never executed
branch  1 never executed
    #####:  818:                    if (state->hand[currentPlayer][p] == estate) {//Found an estate card!
branch  0 never executed
branch  1 never executed
    #####:  819:                        state->coins += 4;//Add 4 coins to the amount of coins
    #####:  820:                        state->discard[currentPlayer][state->discardCount[currentPlayer]] = state->hand[currentPlayer][p];
    #####:  821:                        state->discardCount[currentPlayer]++;
    #####:  822:                        for (; p < state->handCount[currentPlayer]; p++) {
branch  0 never executed
branch  1 never executed
    #####:  823:                            state->hand[currentPlayer][p] = state->hand[currentPlayer][p + 1];
    #####:  824:                        }
    #####:  825:                        state->hand[currentPlayer][state->handCount[currentPlayer]] = -1;
    #####:  826:                        state->handCount[currentPlayer]--;
    #####:  827:                        card_not_discarded = 0;//Exit the loop
    #####:  828:                    } else if (p > state->handCount[currentPlayer]) {
branch  0 never executed
branch  1 never executed
        -:  829:                        if (DEBUG) {
        -:  830:                            printf("No estate cards in your hand, invalid choice\n");
        -:  831:                            printf("Must gain an estate if there are any\n");
        -:  832:                        }
    #####:  833:                        if (supplyCount(estate, state) > 0) {
branch  0 never executed
branch  1 never executed
    #####:  834:                            gainCard(estate, state, 0, currentPlayer);
    #####:  835:                            state->supplyCount[estate]--;//Decrement estates
    #####:  836:                            if (supplyCount(estate, state) == 0) {
branch  0 never executed
branch  1 never executed
    #####:  837:                                isGameOver(state);
    #####:  838:                            }
    #####:  839:                        }
    #####:  840:                        card_not_discarded = 0;//Exit the loop
    #####:  841:                    } else {
    #####:  842:                        p++;//Next card
        -:  843:                    }
        -:  844:                }
    #####:  845:            } else {
    #####:  846:                if (supplyCount(estate, state) > 0) {
branch  0 never executed
branch  1 never executed
    #####:  847:                    gainCard(estate, state, 0, currentPlayer);//Gain an estate
    #####:  848:                    state->supplyCount[estate]--;//Decrement Estates
    #####:  849:                    if (supplyCount(estate, state) == 0) {
branch  0 never executed
branch  1 never executed
    #####:  850:                        isGameOver(state);
    #####:  851:                    }
    #####:  852:                }
        -:  853:            }
        -:  854:
        -:  855:
    #####:  856:            return 0;
        -:  857:
        -:  858:        case great_hall:
        -:  859:            //+1 Card
    #####:  860:            drawCard(currentPlayer, state);
        -:  861:
        -:  862:            //+1 Actions
    #####:  863:            state->numActions++;
        -:  864:
        -:  865:            //discard card from hand
    #####:  866:            discardCard(handPos, currentPlayer, state, 0);
    #####:  867:            return 0;
        -:  868:
        -:  869:        case minion:
        -:  870:            //+1 action
    #####:  871:            state->numActions++;
        -:  872:
        -:  873:            //discard card from hand
    #####:  874:            discardCard(handPos, currentPlayer, state, 0);
        -:  875:
    #####:  876:            if (choice1)        //+2 coins
branch  0 never executed
branch  1 never executed
        -:  877:            {
    #####:  878:                state->coins = state->coins + 2;
    #####:  879:            } else if (choice2)        //discard hand, redraw 4, other players with 5+ cards discard hand and draw 4
branch  0 never executed
branch  1 never executed
        -:  880:            {
        -:  881:                //discard hand
    #####:  882:                while (numHandCards(state) > 0) {
branch  0 never executed
branch  1 never executed
    #####:  883:                    discardCard(handPos, currentPlayer, state, 0);
        -:  884:                }
        -:  885:
        -:  886:                //draw 4
    #####:  887:                for (i = 0; i < 4; i++) {
branch  0 never executed
branch  1 never executed
    #####:  888:                    drawCard(currentPlayer, state);
    #####:  889:                }
        -:  890:
        -:  891:                //other players discard hand and redraw if hand size > 4
    #####:  892:                for (i = 0; i < state->numPlayers; i++) {
branch  0 never executed
branch  1 never executed
    #####:  893:                    if (i != currentPlayer) {
branch  0 never executed
branch  1 never executed
    #####:  894:                        if (state->handCount[i] > 4) {
branch  0 never executed
branch  1 never executed
        -:  895:                            //discard hand
    #####:  896:                            while (state->handCount[i] > 0) {
branch  0 never executed
branch  1 never executed
    #####:  897:                                discardCard(handPos, i, state, 0);
        -:  898:                            }
        -:  899:
        -:  900:                            //draw 4
    #####:  901:                            for (j = 0; j < 4; j++) {
branch  0 never executed
branch  1 never executed
    #####:  902:                                drawCard(i, state);
    #####:  903:                            }
    #####:  904:                        }
    #####:  905:                    }
    #####:  906:                }
        -:  907:
    #####:  908:            }
    #####:  909:            return 0;
        -:  910:
        -:  911:        case steward:
    #####:  912:            return playSteward(choice1, choice2, choice3, state, currentPlayer, handPos);
        -:  913:
        -:  914:            //discard card from hand
        -:  915:
        -:  916:
        -:  917:        case tribute:
    #####:  918:            if ((state->discardCount[nextPlayer] + state->deckCount[nextPlayer]) <= 1) {
branch  0 never executed
branch  1 never executed
    #####:  919:                if (state->deckCount[nextPlayer] > 0) {
branch  0 never executed
branch  1 never executed
    #####:  920:                    tributeRevealedCards[0] = state->deck[nextPlayer][state->deckCount[nextPlayer] - 1];
    #####:  921:                    state->deckCount[nextPlayer]--;
    #####:  922:                } else if (state->discardCount[nextPlayer] > 0) {
branch  0 never executed
branch  1 never executed
    #####:  923:                    tributeRevealedCards[0] = state->discard[nextPlayer][state->discardCount[nextPlayer] - 1];
    #####:  924:                    state->discardCount[nextPlayer]--;
    #####:  925:                } else {
        -:  926:                    //No Card to Reveal
        -:  927:                    if (DEBUG) {
        -:  928:                        printf("No cards to reveal\n");
        -:  929:                    }
        -:  930:                }
    #####:  931:            } else {
    #####:  932:                if (state->deckCount[nextPlayer] == 0) {
branch  0 never executed
branch  1 never executed
    #####:  933:                    for (i = 0; i < state->discardCount[nextPlayer]; i++) {
branch  0 never executed
branch  1 never executed
    #####:  934:                        state->deck[nextPlayer][i] = state->discard[nextPlayer][i];//Move to deck
    #####:  935:                        state->deckCount[nextPlayer]++;
    #####:  936:                        state->discard[nextPlayer][i] = -1;
    #####:  937:                        state->discardCount[nextPlayer]--;
    #####:  938:                    }
        -:  939:
    #####:  940:                    shuffle(nextPlayer, state);//Shuffle the deck
    #####:  941:                }
    #####:  942:                tributeRevealedCards[0] = state->deck[nextPlayer][state->deckCount[nextPlayer] - 1];
    #####:  943:                state->deck[nextPlayer][state->deckCount[nextPlayer]--] = -1;
    #####:  944:                state->deckCount[nextPlayer]--;
    #####:  945:                tributeRevealedCards[1] = state->deck[nextPlayer][state->deckCount[nextPlayer] - 1];
    #####:  946:                state->deck[nextPlayer][state->deckCount[nextPlayer]--] = -1;
    #####:  947:                state->deckCount[nextPlayer]--;
        -:  948:            }
        -:  949:
    #####:  950:            if (tributeRevealedCards[0] == tributeRevealedCards[1]) {//If we have a duplicate card, just drop one
branch  0 never executed
branch  1 never executed
    #####:  951:                state->playedCards[state->playedCardCount] = tributeRevealedCards[1];
    #####:  952:                state->playedCardCount++;
    #####:  953:                tributeRevealedCards[1] = -1;
    #####:  954:            }
        -:  955:
    #####:  956:            for (i = 0; i <= 2; i++) {
branch  0 never executed
branch  1 never executed
    #####:  957:                if (tributeRevealedCards[i] == copper || tributeRevealedCards[i] == silver ||
branch  0 never executed
branch  1 never executed
branch  2 never executed
branch  3 never executed
branch  4 never executed
branch  5 never executed
    #####:  958:                    tributeRevealedCards[i] == gold) {//Treasure cards
    #####:  959:                    state->coins += 2;
    #####:  960:                } else if (tributeRevealedCards[i] == estate || tributeRevealedCards[i] == duchy ||
branch  0 never executed
branch  1 never executed
branch  2 never executed
branch  3 never executed
branch  4 never executed
branch  5 never executed
    #####:  961:                           tributeRevealedCards[i] == province || tributeRevealedCards[i] == gardens ||
branch  0 never executed
branch  1 never executed
branch  2 never executed
branch  3 never executed
    #####:  962:                           tributeRevealedCards[i] == great_hall) {//Victory Card Found
    #####:  963:                    drawCard(currentPlayer, state);
    #####:  964:                    drawCard(currentPlayer, state);
    #####:  965:                } else {//Action Card
    #####:  966:                    state->numActions = state->numActions + 2;
        -:  967:                }
    #####:  968:            }
        -:  969:
    #####:  970:            return 0;
        -:  971:
        -:  972:        case ambassador:
    #####:  973:            j = 0;        //used to check if player has enough cards to discard
        -:  974:
    #####:  975:            if (choice2 > 2 || choice2 < 0) {
branch  0 never executed
branch  1 never executed
branch  2 never executed
branch  3 never executed
    #####:  976:                return -1;
        -:  977:            }
        -:  978:
    #####:  979:            if (choice1 == handPos) {
branch  0 never executed
branch  1 never executed
    #####:  980:                return -1;
        -:  981:            }
        -:  982:
    #####:  983:            for (i = 0; i < state->handCount[currentPlayer]; i++) {
branch  0 never executed
branch  1 never executed
    #####:  984:                if (i != handPos && i == state->hand[currentPlayer][choice1] && i != choice1) {
branch  0 never executed
branch  1 never executed
branch  2 never executed
branch  3 never executed
branch  4 never executed
branch  5 never executed
    #####:  985:                    j++;
    #####:  986:                }
    #####:  987:            }
    #####:  988:            if (j < choice2) {
branch  0 never executed
branch  1 never executed
    #####:  989:                return -1;
        -:  990:            }
        -:  991:
        -:  992:            if (DEBUG)
        -:  993:                printf("Player %d reveals card number: %d\n", currentPlayer, state->hand[currentPlayer][choice1]);
        -:  994:
        -:  995:            //increase supply count for choosen card by amount being discarded
    #####:  996:            state->supplyCount[state->hand[currentPlayer][choice1]] += choice2;
        -:  997:
        -:  998:            //each other player gains a copy of revealed card
    #####:  999:            for (i = 0; i < state->numPlayers; i++) {
branch  0 never executed
branch  1 never executed
    #####: 1000:                if (i != currentPlayer) {
branch  0 never executed
branch  1 never executed
    #####: 1001:                    gainCard(state->hand[currentPlayer][choice1], state, 0, i);
    #####: 1002:                }
    #####: 1003:            }
        -: 1004:
        -: 1005:            //discard played card from hand
    #####: 1006:            discardCard(handPos, currentPlayer, state, 0);
        -: 1007:
        -: 1008:            //trash copies of cards returned to supply
    #####: 1009:            for (j = 0; j < choice2; j++) {
branch  0 never executed
branch  1 never executed
    #####: 1010:                for (i = 0; i < state->handCount[currentPlayer]; i++) {
branch  0 never executed
branch  1 never executed
    #####: 1011:                    if (state->hand[currentPlayer][i] == state->hand[currentPlayer][choice1]) {
branch  0 never executed
branch  1 never executed
    #####: 1012:                        discardCard(i, currentPlayer, state, 1);
    #####: 1013:                        break;
        -: 1014:                    }
    #####: 1015:                }
    #####: 1016:            }
        -: 1017:
    #####: 1018:            return 0;
        -: 1019:
        -: 1020:        case cutpurse:
        -: 1021:
    #####: 1022:            updateCoins(currentPlayer, state, 2);
    #####: 1023:            for (i = 0; i < state->numPlayers; i++) {
branch  0 never executed
branch  1 never executed
    #####: 1024:                if (i != currentPlayer) {
branch  0 never executed
branch  1 never executed
    #####: 1025:                    for (j = 0; j < state->handCount[i]; j++) {
branch  0 never executed
branch  1 never executed
    #####: 1026:                        if (state->hand[i][j] == copper) {
branch  0 never executed
branch  1 never executed
    #####: 1027:                            discardCard(j, i, state, 0);
    #####: 1028:                            break;
        -: 1029:                        }
    #####: 1030:                        if (j == state->handCount[i]) {
branch  0 never executed
branch  1 never executed
    #####: 1031:                            for (k = 0; k < state->handCount[i]; k++) {
branch  0 never executed
branch  1 never executed
        -: 1032:                                if (DEBUG)
        -: 1033:                                    printf("Player %d reveals card number %d\n", i, state->hand[i][k]);
    #####: 1034:                            }
    #####: 1035:                            break;
        -: 1036:                        }
    #####: 1037:                    }
        -: 1038:
    #####: 1039:                }
        -: 1040:
    #####: 1041:            }
        -: 1042:
        -: 1043:            //discard played card from hand
    #####: 1044:            discardCard(handPos, currentPlayer, state, 0);
        -: 1045:
    #####: 1046:            return 0;
        -: 1047:
        -: 1048:
        -: 1049:        case embargo:
        -: 1050:            //+2 Coins
    #####: 1051:            state->coins = state->coins + 2;
        -: 1052:
        -: 1053:            //see if selected pile is in play
    #####: 1054:            if (state->supplyCount[choice1] == -1) {
branch  0 never executed
branch  1 never executed
    #####: 1055:                return -1;
        -: 1056:            }
        -: 1057:
        -: 1058:            //add embargo token to selected supply pile
    #####: 1059:            state->embargoTokens[choice1]++;
        -: 1060:
        -: 1061:            //trash card
    #####: 1062:            discardCard(handPos, currentPlayer, state, 1);
    #####: 1063:            return 0;
        -: 1064:
        -: 1065:        case outpost:
        -: 1066:            //set outpost flag
    #####: 1067:            state->outpostPlayed++;
        -: 1068:
        -: 1069:            //discard card
    #####: 1070:            discardCard(handPos, currentPlayer, state, 0);
    #####: 1071:            return 0;
        -: 1072:
        -: 1073:        case salvager:
        -: 1074:            //+1 buy
    #####: 1075:            state->numBuys++;
        -: 1076:
    #####: 1077:            if (choice1) {
branch  0 never executed
branch  1 never executed
        -: 1078:                //gain coins equal to trashed card
    #####: 1079:                state->coins = state->coins + getCost(handCard(choice1, state));
        -: 1080:                //trash card
    #####: 1081:                discardCard(choice1, currentPlayer, state, 1);
    #####: 1082:            }
        -: 1083:
        -: 1084:            //discard card
    #####: 1085:            discardCard(handPos, currentPlayer, state, 0);
    #####: 1086:            return 0;
        -: 1087:
        -: 1088:        case sea_hag:
    #####: 1089:            for (i = 0; i < state->numPlayers; i++) {
branch  0 never executed
branch  1 never executed
    #####: 1090:                if (i != currentPlayer) {
branch  0 never executed
branch  1 never executed
    #####: 1091:                    state->discard[i][state->discardCount[i]] = state->deck[i][state->deckCount[i]--];
    #####: 1092:                    state->deckCount[i]--;
    #####: 1093:                    state->discardCount[i]++;
    #####: 1094:                    state->deck[i][state->deckCount[i]--] = curse;//Top card now a curse
    #####: 1095:                }
    #####: 1096:            }
    #####: 1097:            return 0;
        -: 1098:
        -: 1099:        case treasure_map:
        -: 1100:            //search hand for another treasure_map
    #####: 1101:            index = -1;
    #####: 1102:            for (i = 0; i < state->handCount[currentPlayer]; i++) {
branch  0 never executed
branch  1 never executed
    #####: 1103:                if (state->hand[currentPlayer][i] == treasure_map && i != handPos) {
branch  0 never executed
branch  1 never executed
branch  2 never executed
branch  3 never executed
    #####: 1104:                    index = i;
    #####: 1105:                    break;
        -: 1106:                }
    #####: 1107:            }
    #####: 1108:            if (index > -1) {
branch  0 never executed
branch  1 never executed
        -: 1109:                //trash both treasure cards
    #####: 1110:                discardCard(handPos, currentPlayer, state, 1);
    #####: 1111:                discardCard(index, currentPlayer, state, 1);
        -: 1112:
        -: 1113:                //gain 4 Gold cards
    #####: 1114:                for (i = 0; i < 4; i++) {
branch  0 never executed
branch  1 never executed
    #####: 1115:                    gainCard(gold, state, 1, currentPlayer);
    #####: 1116:                }
        -: 1117:
        -: 1118:                //return success
    #####: 1119:                return 1;
        -: 1120:            }
        -: 1121:
        -: 1122:            //no second treasure_map found in hand
    #####: 1123:            return -1;
        -: 1124:    }
        -: 1125:
    #####: 1126:    return -1;
    #####: 1127:}
        -: 1128:
function discardCard called 0 returned 0% blocks executed 0%
        -: 1129:int discardCard(int handPos, int currentPlayer, struct gameState *state, int trashFlag) {
        -: 1130:
        -: 1131:    //if card is not trashed, added to Played pile
    #####: 1132:    if (trashFlag < 1) {
branch  0 never executed
branch  1 never executed
        -: 1133:        //add card to played pile
    #####: 1134:        state->playedCards[state->playedCardCount] = state->hand[currentPlayer][handPos];
    #####: 1135:        state->playedCardCount++;
    #####: 1136:    }
        -: 1137:
        -: 1138:    //set played card to -1
    #####: 1139:    state->hand[currentPlayer][handPos] = -1;
        -: 1140:
        -: 1141:    //remove card from player's hand
    #####: 1142:    if (handPos == (state->handCount[currentPlayer] - 1))    //last card in hand array is played
branch  0 never executed
branch  1 never executed
        -: 1143:    {
        -: 1144:        //reduce number of cards in hand
    #####: 1145:        state->handCount[currentPlayer]--;
    #####: 1146:    } else if (state->handCount[currentPlayer] == 1) //only one card in hand
branch  0 never executed
branch  1 never executed
        -: 1147:    {
        -: 1148:        //reduce number of cards in hand
    #####: 1149:        state->handCount[currentPlayer]--;
    #####: 1150:    } else {
        -: 1151:        //replace discarded card with last card in hand
    #####: 1152:        state->hand[currentPlayer][handPos] = state->hand[currentPlayer][(state->handCount[currentPlayer] - 1)];
        -: 1153:        //set last card to -1
    #####: 1154:        state->hand[currentPlayer][state->handCount[currentPlayer] - 1] = -1;
        -: 1155:        //reduce number of cards in hand
    #####: 1156:        state->handCount[currentPlayer]--;
        -: 1157:    }
        -: 1158:
    #####: 1159:    return 0;
        -: 1160:}
        -: 1161:
function gainCard called 0 returned 0% blocks executed 0%
        -: 1162:int gainCard(int supplyPos, struct gameState *state, int toFlag, int player) {
        -: 1163:    //Note: supplyPos is enum of choosen card
        -: 1164:
        -: 1165:    //check if supply pile is empty (0) or card is not used in game (-1)
    #####: 1166:    if (supplyCount(supplyPos, state) < 1) {
branch  0 never executed
branch  1 never executed
    #####: 1167:        return -1;
        -: 1168:    }
        -: 1169:
        -: 1170:    //added card for [whoseTurn] current player:
        -: 1171:    // toFlag = 0 : add to discard
        -: 1172:    // toFlag = 1 : add to deck
        -: 1173:    // toFlag = 2 : add to hand
        -: 1174:
    #####: 1175:    if (toFlag == 1) {
branch  0 never executed
branch  1 never executed
    #####: 1176:        state->deck[player][state->deckCount[player]] = supplyPos;
    #####: 1177:        state->deckCount[player]++;
    #####: 1178:    } else if (toFlag == 2) {
branch  0 never executed
branch  1 never executed
    #####: 1179:        state->hand[player][state->handCount[player]] = supplyPos;
    #####: 1180:        state->handCount[player]++;
    #####: 1181:    } else {
    #####: 1182:        state->discard[player][state->discardCount[player]] = supplyPos;
    #####: 1183:        state->discardCount[player]++;
        -: 1184:    }
        -: 1185:
        -: 1186:    //decrease number in supply pile
    #####: 1187:    state->supplyCount[supplyPos]--;
        -: 1188:
    #####: 1189:    return 0;
    #####: 1190:}
        -: 1191:
function updateCoins called 0 returned 0% blocks executed 0%
        -: 1192:int updateCoins(int player, struct gameState *state, int bonus) {
        -: 1193:    int i;
        -: 1194:
        -: 1195:    //reset coin count
    #####: 1196:    state->coins = 0;
        -: 1197:
        -: 1198:    //add coins for each Treasure card in player's hand
    #####: 1199:    for (i = 0; i < state->handCount[player]; i++) {
branch  0 never executed
branch  1 never executed
    #####: 1200:        if (state->hand[player][i] == copper) {
branch  0 never executed
branch  1 never executed
    #####: 1201:            state->coins += 1;
    #####: 1202:        } else if (state->hand[player][i] == silver) {
branch  0 never executed
branch  1 never executed
    #####: 1203:            state->coins += 2;
    #####: 1204:        } else if (state->hand[player][i] == gold) {
branch  0 never executed
branch  1 never executed
    #####: 1205:            state->coins += 3;
    #####: 1206:        }
    #####: 1207:    }
        -: 1208:
        -: 1209:    //add bonus
    #####: 1210:    state->coins += bonus;
        -: 1211:
    #####: 1212:    return 0;
        -: 1213:}
        -: 1214:
        -: 1215:
        -: 1216://end of dominion.c
        -: 1217:
